true	2020-07-21-13-47-01	用户已连接
true	2020-07-21-13-47-19	用户已连接
true	2020-07-21-13-49-47	用户已连接
正常	2020-07-21-14-22-06	用户已连接
正常	2020-07-21-14-22-06	发送数据至客户端完成
正常	2020-07-21-14-22-06	用户已经端口
正常	2020-07-21-14-22-39	用户已连接
正常	2020-07-21-14-22-39	发送数据至客户端完成
正常	2020-07-21-14-22-39	用户已经端口
server.c	371	正常	2020-07-21-14-40-51	用户已连接
server.c	371	正常	2020-07-21-14-40-51	发送数据至客户端完成
server.c	371	正常	2020-07-21-14-40-51	退出系统
server.c	371	正常	2020-07-21-14-40-51	用户已经断开
server.c	445	正常	2020-07-21-15-04-25	用户已连接
server.c	445	正常	2020-07-21-15-04-25	发送数据至客户端完成
server.c	445	正常	2020-07-21-15-04-25	退出系统
server.c	445	正常	2020-07-21-15-04-45	退出系统
server.c	445	正常	2020-07-21-21-55-29	用户已连接
server.c	445	正常	2020-07-21-21-55-29	发送数据至客户端完成
server.c	445	正常	2020-07-21-21-55-29	退出系统
server.c	445	正常	2020-07-21-21-55-34	用户已经断开
server.c	445	正常	2020-07-21-21-55-45	用户已连接
server.c	445	正常	2020-07-21-21-55-45	发送数据至客户端完成
server.c	445	正常	2020-07-21-21-55-45	退出系统
server.c	445	正常	2020-07-21-21-56-06	退出系统
server.c	469	正常	2020-07-21-22-06-38	用户已连接
server.c	469	正常	2020-07-21-22-06-38	发送数据至客户端完成
server.c	469	正常	2020-07-21-22-06-38	退出系统
server.c	469	正常	2020-07-21-22-06-57	退出系统
server.c	469	正常	2020-07-21-22-07-31	用户已连接
server.c	469	正常	2020-07-21-22-07-31	发送数据至客户端完成
server.c	469	正常	2020-07-21-22-07-31	退出系统
server.c	469	正常	2020-07-21-22-08-10	退出系统
server.c	469	正常	2020-07-21-22-09-34	用户已连接
server.c	469	正常	2020-07-21-22-09-34	发送数据至客户端完成
server.c	469	正常	2020-07-21-22-09-34	退出系统
server.c	469	正常	2020-07-21-22-09-55	用户已经断开
server.c	470	正常	2020-07-21-22-13-27	用户已连接
server.c	470	正常	2020-07-21-22-13-27	发送数据至客户端完成
server.c	470	正常	2020-07-21-22-13-27	退出系统
server.c	470	正常	2020-07-21-22-14-04	退出系统
server.c	470	正常	2020-07-21-22-20-01	用户已连接
server.c	470	正常	2020-07-21-22-20-01	发送数据至客户端完成
server.c	470	正常	2020-07-21-22-20-01	退出系统
server.c	470	正常	2020-07-21-22-20-28	退出系统
server.c	470	正常	2020-07-21-22-25-00	用户已连接
server.c	470	正常	2020-07-21-22-25-00	发送数据至客户端完成
server.c	470	正常	2020-07-21-22-25-00	退出系统
server.c	470	正常	2020-07-21-22-25-16	退出系统
server.c	470	正常	2020-07-21-22-25-33	用户已经断开
server.c	470	正常	2020-07-22-09-40-38	用户已连接
server.c	470	正常	2020-07-22-09-40-38	发送数据至客户端完成
server.c	470	正常	2020-07-22-09-40-38	退出系统
server.c	470	正常	2020-07-22-09-40-59	退出系统
server.c	470	正常	2020-07-22-09-41-01	用户已经断开
server.c	470	正常	2020-07-22-09-41-10	用户已连接
server.c	470	正常	2020-07-22-09-41-10	发送数据至客户端完成
server.c	470	正常	2020-07-22-09-41-10	退出系统
server.c	470	正常	2020-07-22-09-41-21	用户已经断开
server.c	470	正常	2020-07-22-17-39-21	用户已连接
server.c	470	正常	2020-07-22-17-39-21	发送数据至客户端完成
server.c	470	正常	2020-07-22-17-39-21	退出系统
server.c	470	正常	2020-07-22-17-39-25	用户已经断开
server.c	433	正常	2020-07-22-17-48-35	用户已连接
server.c	433	正常	2020-07-22-17-48-35	发送数据至客户端完成
server.c	433	正常	2020-07-22-17-48-35	退出系统
server.c	433	正常	2020-07-22-17-54-17	用户已连接
server.c	433	正常	2020-07-22-17-54-17	发送数据至客户端完成
server.c	433	正常	2020-07-22-17-54-17	退出系统
server.c	433	正常	2020-07-22-17-54-21	用户已经断开
common.c	328	正常	2020-07-22-18-26-42	用户已连接
common.c	328	正常	2020-07-22-18-26-42	发送数据至客户端完成
common.c	328	正常	2020-07-22-18-26-42	退出系统
common.c	328	正常	2020-07-22-18-26-42	用户已经断开
common.c	328	正常	2020-07-22-18-26-43	用户已连接
common.c	328	正常	2020-07-22-18-27-17	用户已连接
common.c	328	正常	2020-07-22-18-27-56	用户已连接
common.c	328	正常	2020-07-22-18-28-28	用户已连接
common.c	328	正常	2020-07-22-18-31-36	用户已连接
common.c	328	正常	2020-07-22-18-34-46	用户已连接
server.c	433	正常	2020-07-22-18-36-00	用户已连接
server.c	433	正常	2020-07-22-18-36-56	用户已连接
server.c	433	正常	2020-07-22-18-37-47	用户已连接
common.c	328	正常	2020-07-22-18-43-19	用户已连接
common.c	328	正常	2020-07-22-18-43-19	发送数据至客户端完成
common.c	328	正常	2020-07-22-18-43-19	退出系统
common.c	328	正常	2020-07-22-18-43-21	用户已经断开
common.c	328	正常	2020-07-22-18-46-13	用户已连接
common.c	328	正常	2020-07-22-18-46-13	发送数据至客户端完成
common.c	328	正常	2020-07-22-18-46-13	退出系统
common.c	328	正常	2020-07-22-18-46-16	用户已经断开
common.c	328	正常	2020-07-22-19-03-14	用户已连接
common.c	328	错误	2020-07-22-19-03-14	发送学生管理结构体
common.c	328	错误	2020-07-22-19-03-14	发送课程名
common.c	328	错误	2020-07-22-19-03-14	发送学生节点
common.c	328	错误	2020-07-22-19-03-14	发送学生节点
common.c	328	错误	2020-07-22-19-03-14	发送学生节点
common.c	328	正常	2020-07-22-19-03-14	发送数据至客户端完成
common.c	328	正常	2020-07-22-19-03-14	退出系统
common.c	328	正常	2020-07-22-19-03-14	用户已经断开
common.c	328	正常	2020-07-22-19-03-53	用户已连接
common.c	328	错误	2020-07-22-19-03-53	发送学生管理结构体
common.c	328	错误	2020-07-22-19-03-53	发送课程名
common.c	328	错误	2020-07-22-19-03-53	发送学生节点
common.c	328	错误	2020-07-22-19-03-53	发送学生节点
common.c	328	错误	2020-07-22-19-03-53	发送学生节点
common.c	328	正常	2020-07-22-19-03-53	发送数据至客户端完成
common.c	328	正常	2020-07-22-19-03-53	退出系统
common.c	328	正常	2020-07-22-19-05-16	用户已连接
common.c	328	正常	2020-07-22-19-05-16	发送数据至客户端完成
common.c	328	正常	2020-07-22-19-05-16	退出系统
common.c	328	正常	2020-07-22-19-05-19	用户已经断开
common.c	328	正常	2020-07-22-19-06-08	用户已连接
common.c	328	错误	2020-07-22-19-06-08	发送学生管理结构体
common.c	328	错误	2020-07-22-19-06-08	发送课程名
common.c	328	错误	2020-07-22-19-06-08	发送学生节点
common.c	328	错误	2020-07-22-19-06-08	发送学生节点
common.c	328	错误	2020-07-22-19-06-08	发送学生节点
common.c	328	正常	2020-07-22-19-06-08	发送数据至客户端完成
common.c	328	正常	2020-07-22-19-06-08	退出系统
common.c	328	正常	2020-07-22-19-06-08	用户已经断开
common.c	328	正常	2020-07-22-19-07-00	用户已连接
common.c	328	正常	2020-07-22-19-07-00	发送数据至客户端完成
common.c	328	正常	2020-07-22-19-07-00	退出系统
common.c	328	正常	2020-07-22-19-07-03	用户已经断开
common.c	328	正常	2020-07-22-19-08-29	用户已连接
common.c	328	正常	2020-07-22-19-08-29	发送数据至客户端完成
common.c	328	正常	2020-07-22-19-08-29	退出系统
common.c	328	正常	2020-07-22-19-08-30	用户已经断开
common.c	330	正常	2020-07-22-19-11-15	用户已连接
common.c	330	正常	2020-07-22-19-11-15	发送数据至客户端完成
common.c	330	正常	2020-07-22-19-11-15	退出系统
common.c	330	正常	2020-07-22-19-11-19	用户已经断开
common.c	330	正常	2020-07-22-19-11-19	用户已连接
common.c	330	正常	2020-07-22-19-11-19	发送数据至客户端完成
common.c	330	正常	2020-07-22-19-11-19	退出系统
common.c	330	正常	2020-07-22-19-11-21	用户已经断开
common.c	330	正常	2020-07-22-19-11-22	用户已连接
common.c	330	正常	2020-07-22-19-11-22	发送数据至客户端完成
common.c	330	正常	2020-07-22-19-11-22	退出系统
common.c	330	正常	2020-07-22-19-11-23	用户已经断开
