clinet.c	380	true	2020-07-21-15-04-45	成功上传数据
clinet.c	380	true	2020-07-21-21-56-06	成功上传数据
clinet.c	381	true	2020-07-21-22-06-57	成功上传数据
clinet.c	381	true	2020-07-21-22-08-10	成功上传数据
clinet.c	382	true	2020-07-21-22-14-04	成功上传数据
clinet.c	382	true	2020-07-21-22-20-28	成功上传数据
clinet.c	387	true	2020-07-21-22-25-16	成功上传数据
clinet.c	334	true	2020-07-22-09-40-59	成功上传数据
clinet.c	332	true	2020-07-22-17-39-25	退出系统
clinet.c	332	true	2020-07-22-17-54-21	退出系统
clinet.c	332	true	2020-07-22-18-29-29	退出系统
clinet.c	332	true	2020-07-22-18-30-38	退出系统
clinet.c	330	true	2020-07-22-18-38-59	退出系统
clinet.c	330	true	2020-07-22-18-39-46	退出系统
clinet.c	330	true	2020-07-22-18-43-21	退出系统
clinet.c	330	true	2020-07-22-18-46-16	退出系统
clinet.c	330	true	2020-07-22-19-05-19	退出系统
clinet.c	330	true	2020-07-22-19-07-03	退出系统
clinet.c	330	true	2020-07-22-19-08-30	退出系统
clinet.c	330	true	2020-07-22-19-11-19	退出系统
clinet.c	330	true	2020-07-22-19-11-21	退出系统
clinet.c	330	true	2020-07-22-19-11-23	退出系统
clinet.c	330	true	2020-07-22-19-27-35	退出系统
b_clinet.c	330	true	2020-07-22-24-04-26	退出系统
b_clinet.c	330	true	2020-07-23-09-31-45	退出系统
b_clinet.c	330	true	2020-07-23-09-34-20	退出系统
clinet.c	363	true	2020-07-23-09-35-11	退出系统
clinet.c	363	true	2020-07-23-12-48-33	退出系统
clinet.c	363	true	2020-07-23-12-48-37	退出系统
clinet.c	363	true	2020-07-23-12-48-45	退出系统
clinet.c	366	true	2020-07-23-12-51-40	退出系统
clinet.c	366	true	2020-07-23-12-51-56	退出系统
clinet.c	365	true	2020-07-23-12-52-16	退出系统
clinet.c	365	true	2020-07-23-12-52-21	退出系统
clinet.c	365	true	2020-07-23-12-52-27	退出系统
clinet.c	366	true	2020-07-23-12-54-24	退出系统
clinet.c	366	true	2020-07-23-12-54-46	退出系统
clinet.c	366	true	2020-07-23-12-55-01	退出系统
clinet.c	366	true	2020-07-23-12-55-04	退出系统
clinet.c	366	true	2020-07-23-12-55-07	退出系统
clinet.c	366	true	2020-07-23-12-55-16	退出系统
clinet.c	366	true	2020-07-23-12-56-47	退出系统
clinet.c	366	true	2020-07-23-12-59-23	退出系统
clinet.c	366	true	2020-07-23-12-59-31	退出系统
clinet.c	366	true	2020-07-23-12-59-32	退出系统
clinet.c	366	true	2020-07-23-12-59-40	退出系统
clinet.c	366	true	2020-07-23-13-02-00	退出系统
clinet.c	366	true	2020-07-23-13-02-05	退出系统
clinet.c	382	true	2020-07-23-13-08-58	退出系统
clinet.c	381	true	2020-07-23-13-15-56	退出系统
clinet.c	382	true	2020-07-23-13-16-35	退出系统
clinet.c	400	true	2020-07-23-14-21-07	退出系统
clinet.c	400	true	2020-07-23-14-21-28	退出系统
clinet.c	400	true	2020-07-23-14-25-28	退出系统
clinet.c	400	true	2020-07-23-14-28-33	退出系统
clinet.c	400	true	2020-07-23-14-28-52	退出系统
clinet.c	401	true	2020-07-23-14-37-20	退出系统
clinet.c	401	true	2020-07-23-14-37-45	退出系统
clinet.c	408	true	2020-07-23-14-52-38	退出系统
clinet.c	408	true	2020-07-23-14-53-04	退出系统
clinet.c	408	true	2020-07-23-14-53-18	退出系统
clinet.c	408	true	2020-07-23-14-53-45	退出系统
clinet.c	408	true	2020-07-23-14-59-36	退出系统
clinet.c	408	true	2020-07-23-15-03-42	退出系统
clinet.c	408	true	2020-07-23-15-03-55	退出系统
clinet.c	407	true	2020-07-23-15-05-39	退出系统
clinet.c	407	true	2020-07-23-15-05-43	退出系统
clinet.c	407	true	2020-07-23-15-05-45	退出系统
clinet.c	407	true	2020-07-23-15-11-48	退出系统
clinet.c	407	true	2020-07-23-15-19-21	退出系统
clinet.c	407	true	2020-07-23-15-19-23	退出系统
clinet.c	407	true	2020-07-23-15-19-37	退出系统
clinet.c	407	true	2020-07-23-15-19-53	退出系统
clinet.c	407	true	2020-07-23-15-20-37	退出系统
clinet.c	407	true	2020-07-23-15-20-53	退出系统
clinet.c	407	true	2020-07-23-15-21-05	退出系统
clinet.c	407	true	2020-07-23-15-25-13	退出系统
clinet.c	407	true	2020-07-23-15-25-49	退出系统
clinet.c	407	true	2020-07-23-15-26-14	退出系统
clinet.c	407	true	2020-07-23-15-26-25	退出系统
clinet.c	407	true	2020-07-23-15-27-48	退出系统
clinet.c	407	true	2020-07-23-15-28-16	退出系统
clinet.c	407	true	2020-07-23-15-29-50	退出系统
clinet.c	407	true	2020-07-23-15-30-04	退出系统
clinet.c	407	true	2020-07-23-15-31-50	退出系统
clinet.c	407	true	2020-07-23-15-32-26	退出系统
clinet.c	407	true	2020-07-23-15-32-38	退出系统
clinet.c	407	true	2020-07-23-15-33-09	退出系统
clinet.c	407	true	2020-07-23-15-33-13	退出系统
clinet.c	407	true	2020-07-23-15-33-43	成功上传数据
clinet.c	407	true	2020-07-23-15-33-44	退出系统
clinet.c	407	true	2020-07-23-15-35-09	退出系统
clinet.c	407	true	2020-07-23-15-35-13	成功上传数据
clinet.c	407	true	2020-07-23-15-35-14	退出系统
clinet.c	407	true	2020-07-23-15-35-32	退出系统
b_clinet.c	381	true	2020-07-23-15-36-55	退出系统
b_clinet.c	381	true	2020-07-23-15-37-27	退出系统
b_clinet.c	381	true	2020-07-23-15-37-37	退出系统
clinet.c	407	true	2020-07-23-15-39-14	退出系统
clinet.c	380	true	2020-07-23-15-45-38	退出系统
b_clinet.c	380	true	2020-07-23-15-51-41	退出系统
c_clinet.c	330	true	2020-07-23-15-54-48	成功上传数据
c_clinet.c	330	true	2020-07-23-15-54-49	退出系统
c_clinet.c	330	false	2020-07-23-15-58-01	接收学生管理结构
c_clinet.c	330	true	2020-07-23-15-58-08	退出系统
b_clinet.c	380	false	2020-07-23-16-22-24	接收学生管理结构
b_clinet.c	380	true	2020-07-23-16-22-33	退出系统
b_clinet.c	380	true	2020-07-23-16-23-14	退出系统
b_clinet.c	380	true	2020-07-23-16-23-34	退出系统
c_clinet.c	330	true	2020-07-23-16-26-05	退出系统
b_clinet.c	380	true	2020-07-23-16-26-29	成功上传数据
b_clinet.c	380	true	2020-07-23-16-26-30	退出系统
b_clinet.c	380	false	2020-07-23-16-28-02	接收学生管理结构
b_clinet.c	380	true	2020-07-23-16-28-05	退出系统
c_clinet.c	330	false	2020-07-23-16-34-34	接收学生管理结构
c_clinet.c	330	true	2020-07-23-16-36-16	退出系统
c_clinet.c	332	false	2020-07-23-16-40-27	接收学生管理结构
c_clinet.c	332	true	2020-07-23-16-40-44	退出系统
c_clinet.c	332	true	2020-07-23-16-45-15	退出系统
c_clinet.c	332	true	2020-07-23-16-46-30	成功上传数据
c_clinet.c	332	true	2020-07-23-16-46-56	退出系统
b_clinet.c	380	true	2020-07-23-16-47-09	退出系统
b_clinet.c	380	true	2020-07-23-16-47-15	退出系统
clinet.c	380	true	2020-07-23-16-49-01	退出系统
clinet.c	380	true	2020-07-23-16-51-54	退出系统
clinet.c	380	true	2020-07-23-16-52-15	退出系统
clinet.c	380	true	2020-07-23-16-52-18	退出系统
clinet.c	380	true	2020-07-23-16-53-20	退出系统
clinet.c	380	true	2020-07-23-16-54-46	退出系统
clinet.c	380	true	2020-07-23-16-56-26	退出系统
clinet.c	380	true	2020-07-23-16-57-08	退出系统
clinet.c	380	true	2020-07-23-16-58-01	退出系统
clinet.c	380	true	2020-07-23-16-58-09	退出系统
clinet.c	380	true	2020-07-23-16-58-14	退出系统
clinet.c	380	true	2020-07-23-16-58-17	退出系统
clinet.c	380	true	2020-07-23-16-58-24	退出系统
clinet.c	380	true	2020-07-23-16-59-20	退出系统
clinet.c	380	true	2020-07-23-17-00-01	退出系统
clinet.c	380	true	2020-07-23-17-01-16	退出系统
clinet.c	380	true	2020-07-23-17-01-37	退出系统
clinet.c	380	true	2020-07-23-17-03-09	退出系统
clinet.c	380	true	2020-07-23-17-04-02	退出系统
clinet.c	380	true	2020-07-23-17-09-30	退出系统
clinet.c	380	true	2020-07-23-17-09-46	退出系统
clinet.c	380	true	2020-07-23-17-09-54	退出系统
clinet.c	400	true	2020-07-23-17-30-58	退出系统
clinet.c	400	true	2020-07-23-17-31-47	退出系统
clinet.c	400	true	2020-07-23-17-34-40	退出系统
clinet.c	400	true	2020-07-23-17-35-25	退出系统
clinet.c	400	true	2020-07-23-17-35-45	退出系统
clinet.c	400	true	2020-07-23-17-35-48	退出系统
clinet.c	400	true	2020-07-23-18-26-28	退出系统
clinet.c	400	true	2020-07-23-18-32-44	退出系统
clinet.c	400	true	2020-07-23-18-32-45	退出系统
clinet.c	400	true	2020-07-23-18-32-49	退出系统
clinet.c	400	true	2020-07-23-18-35-29	退出系统
clinet.c	400	true	2020-07-23-18-35-32	退出系统
clinet.c	400	true	2020-07-23-18-35-38	退出系统
clinet.c	400	true	2020-07-23-18-36-12	退出系统
clinet.c	400	true	2020-07-23-18-37-05	退出系统
clinet.c	400	true	2020-07-23-18-50-33	退出系统
clinet.c	400	true	2020-07-23-18-54-24	退出系统
clinet.c	400	true	2020-07-23-18-56-52	退出系统
clinet.c	400	true	2020-07-23-19-00-05	退出系统
clinet.c	400	true	2020-07-23-19-06-35	退出系统
clinet.c	400	true	2020-07-23-19-11-12	退出系统
clinet.c	400	true	2020-07-23-19-11-42	退出系统
clinet.c	400	true	2020-07-23-19-12-04	退出系统
clinet.c	400	true	2020-07-23-19-12-22	退出系统
clinet.c	400	true	2020-07-23-19-12-42	退出系统
clinet.c	400	true	2020-07-23-19-13-30	退出系统
clinet.c	400	true	2020-07-23-19-15-31	退出系统
clinet.c	400	true	2020-07-23-19-15-53	退出系统
clinet.c	400	true	2020-07-23-19-16-21	退出系统
clinet.c	400	true	2020-07-23-19-16-46	退出系统
clinet.c	400	true	2020-07-23-19-17-12	退出系统
clinet.c	400	true	2020-07-23-19-18-20	退出系统
clinet.c	400	true	2020-07-23-19-18-51	退出系统
clinet.c	400	true	2020-07-23-19-19-37	退出系统
clinet.c	400	true	2020-07-23-19-20-39	退出系统
clinet.c	400	true	2020-07-23-19-23-04	退出系统
clinet.c	400	true	2020-07-23-19-24-10	退出系统
clinet.c	400	true	2020-07-23-19-24-34	退出系统
clinet.c	400	true	2020-07-23-19-24-40	退出系统
clinet.c	400	true	2020-07-23-19-24-43	退出系统
clinet.c	400	true	2020-07-23-19-24-47	退出系统
clinet.c	400	true	2020-07-23-19-24-59	退出系统
clinet.c	400	true	2020-07-23-19-28-41	退出系统
clinet.c	400	true	2020-07-23-19-28-57	退出系统
clinet.c	400	true	2020-07-23-19-31-56	退出系统
clinet.c	400	true	2020-07-23-19-32-44	退出系统
clinet.c	400	true	2020-07-23-19-34-11	成功上传数据
clinet.c	400	true	2020-07-23-19-34-13	退出系统
clinet.c	400	true	2020-07-23-19-36-30	退出系统
clinet.c	400	true	2020-07-23-19-59-59	退出系统
clinet.c	400	true	2020-07-23-20-00-53	退出系统
clinet.c	400	true	2020-07-23-20-02-09	退出系统
clinet.c	400	true	2020-07-23-20-03-22	退出系统
clinet.c	400	true	2020-07-23-20-04-17	退出系统
clinet.c	400	true	2020-07-23-20-05-07	退出系统
clinet.c	400	true	2020-07-23-20-07-07	退出系统
clinet.c	395	true	2020-07-23-20-48-24	退出系统
clinet.c	396	true	2020-07-23-21-21-33	退出系统
clinet.c	396	true	2020-07-23-21-22-00	退出系统
clinet.c	396	true	2020-07-23-21-22-26	退出系统
