true	2020-07-21-13-47-01	用户已连接
true	2020-07-21-13-47-19	用户已连接
true	2020-07-21-13-49-47	用户已连接
正常	2020-07-21-14-22-06	用户已连接
正常	2020-07-21-14-22-06	发送数据至客户端完成
正常	2020-07-21-14-22-06	用户已经端口
正常	2020-07-21-14-22-39	用户已连接
正常	2020-07-21-14-22-39	发送数据至客户端完成
正常	2020-07-21-14-22-39	用户已经端口
server.c	371	正常	2020-07-21-14-40-51	用户已连接
server.c	371	正常	2020-07-21-14-40-51	发送数据至客户端完成
server.c	371	正常	2020-07-21-14-40-51	退出系统
server.c	371	正常	2020-07-21-14-40-51	用户已经断开
server.c	445	正常	2020-07-21-15-04-25	用户已连接
server.c	445	正常	2020-07-21-15-04-25	发送数据至客户端完成
server.c	445	正常	2020-07-21-15-04-25	退出系统
server.c	445	正常	2020-07-21-15-04-45	退出系统
server.c	445	正常	2020-07-21-21-55-29	用户已连接
server.c	445	正常	2020-07-21-21-55-29	发送数据至客户端完成
server.c	445	正常	2020-07-21-21-55-29	退出系统
server.c	445	正常	2020-07-21-21-55-34	用户已经断开
server.c	445	正常	2020-07-21-21-55-45	用户已连接
server.c	445	正常	2020-07-21-21-55-45	发送数据至客户端完成
server.c	445	正常	2020-07-21-21-55-45	退出系统
server.c	445	正常	2020-07-21-21-56-06	退出系统
server.c	469	正常	2020-07-21-22-06-38	用户已连接
server.c	469	正常	2020-07-21-22-06-38	发送数据至客户端完成
server.c	469	正常	2020-07-21-22-06-38	退出系统
server.c	469	正常	2020-07-21-22-06-57	退出系统
server.c	469	正常	2020-07-21-22-07-31	用户已连接
server.c	469	正常	2020-07-21-22-07-31	发送数据至客户端完成
server.c	469	正常	2020-07-21-22-07-31	退出系统
server.c	469	正常	2020-07-21-22-08-10	退出系统
server.c	469	正常	2020-07-21-22-09-34	用户已连接
server.c	469	正常	2020-07-21-22-09-34	发送数据至客户端完成
server.c	469	正常	2020-07-21-22-09-34	退出系统
server.c	469	正常	2020-07-21-22-09-55	用户已经断开
server.c	470	正常	2020-07-21-22-13-27	用户已连接
server.c	470	正常	2020-07-21-22-13-27	发送数据至客户端完成
server.c	470	正常	2020-07-21-22-13-27	退出系统
server.c	470	正常	2020-07-21-22-14-04	退出系统
server.c	470	正常	2020-07-21-22-20-01	用户已连接
server.c	470	正常	2020-07-21-22-20-01	发送数据至客户端完成
server.c	470	正常	2020-07-21-22-20-01	退出系统
server.c	470	正常	2020-07-21-22-20-28	退出系统
server.c	470	正常	2020-07-21-22-25-00	用户已连接
server.c	470	正常	2020-07-21-22-25-00	发送数据至客户端完成
server.c	470	正常	2020-07-21-22-25-00	退出系统
server.c	470	正常	2020-07-21-22-25-16	退出系统
server.c	470	正常	2020-07-21-22-25-33	用户已经断开
server.c	470	正常	2020-07-22-09-40-38	用户已连接
server.c	470	正常	2020-07-22-09-40-38	发送数据至客户端完成
server.c	470	正常	2020-07-22-09-40-38	退出系统
server.c	470	正常	2020-07-22-09-40-59	退出系统
server.c	470	正常	2020-07-22-09-41-01	用户已经断开
server.c	470	正常	2020-07-22-09-41-10	用户已连接
server.c	470	正常	2020-07-22-09-41-10	发送数据至客户端完成
server.c	470	正常	2020-07-22-09-41-10	退出系统
server.c	470	正常	2020-07-22-09-41-21	用户已经断开
